<?xml version="1.0" encoding="UTF-8" ?>
<testsuite tests="1" failures="0" name="ServiceImplTest" time="0.011" errors="0" skipped="0">
  <properties>
    <property name="java.runtime.name" value="OpenJDK Runtime Environment"/>
    <property name="sun.boot.library.path" value="/Users/Stanislav/Library/Java/JavaVirtualMachines/corretto-1.8.0_322/Contents/Home/jre/lib"/>
    <property name="java.vm.version" value="25.322-b06"/>
    <property name="gopherProxySet" value="false"/>
    <property name="java.vm.vendor" value="Amazon.com Inc."/>
    <property name="maven.multiModuleProjectDirectory" value="/Users/Stanislav/Desktop/mvn/parent"/>
    <property name="java.vendor.url" value="https://aws.amazon.com/corretto/"/>
    <property name="path.separator" value=":"/>
    <property name="guice.disable.misplaced.annotation.check" value="true"/>
    <property name="java.vm.name" value="OpenJDK 64-Bit Server VM"/>
    <property name="file.encoding.pkg" value="sun.io"/>
    <property name="user.country" value="BY"/>
    <property name="sun.java.launcher" value="SUN_STANDARD"/>
    <property name="sun.os.patch.level" value="unknown"/>
    <property name="java.vm.specification.name" value="Java Virtual Machine Specification"/>
    <property name="user.dir" value="/Users/Stanislav/Desktop/mvn/parent"/>
    <property name="java.runtime.version" value="1.8.0_322-b06"/>
    <property name="java.awt.graphicsenv" value="sun.awt.CGraphicsEnvironment"/>
    <property name="java.endorsed.dirs" value="/Users/Stanislav/Library/Java/JavaVirtualMachines/corretto-1.8.0_322/Contents/Home/jre/lib/endorsed"/>
    <property name="os.arch" value="x86_64"/>
    <property name="java.io.tmpdir" value="/var/folders/d_/zk8jbj7n3h389ppk0h1drrfc0000gn/T/"/>
    <property name="line.separator" value="
"/>
    <property name="java.vm.specification.vendor" value="Oracle Corporation"/>
    <property name="os.name" value="Mac OS X"/>
    <property name="classworlds.conf" value="/Applications/apache-maven-3.8.4/bin/m2.conf"/>
    <property name="sun.jnu.encoding" value="UTF-8"/>
    <property name="java.library.path" value="/Users/Stanislav/Library/Java/Extensions:/Library/Java/Extensions:/Network/Library/Java/Extensions:/System/Library/Java/Extensions:/usr/lib/java:."/>
    <property name="maven.conf" value="/Applications/apache-maven-3.8.4/conf"/>
    <property name="java.specification.name" value="Java Platform API Specification"/>
    <property name="java.class.version" value="52.0"/>
    <property name="sun.management.compiler" value="HotSpot 64-Bit Tiered Compilers"/>
    <property name="os.version" value="12.3.1"/>
    <property name="library.jansi.path" value="/Applications/apache-maven-3.8.4/lib/jansi-native"/>
    <property name="http.nonProxyHosts" value="local|*.local|169.254/16|*.169.254/16"/>
    <property name="user.home" value="/Users/Stanislav"/>
    <property name="user.timezone" value="Europe/Minsk"/>
    <property name="java.awt.printerjob" value="sun.lwawt.macosx.CPrinterJob"/>
    <property name="java.specification.version" value="1.8"/>
    <property name="file.encoding" value="US-ASCII"/>
    <property name="user.name" value="a123"/>
    <property name="java.class.path" value="/Applications/apache-maven-3.8.4/boot/plexus-classworlds-2.6.0.jar"/>
    <property name="java.vm.specification.version" value="1.8"/>
    <property name="sun.arch.data.model" value="64"/>
    <property name="java.home" value="/Users/Stanislav/Library/Java/JavaVirtualMachines/corretto-1.8.0_322/Contents/Home/jre"/>
    <property name="sun.java.command" value="org.codehaus.plexus.classworlds.launcher.Launcher package"/>
    <property name="java.specification.vendor" value="Oracle Corporation"/>
    <property name="user.language" value="ru"/>
    <property name="awt.toolkit" value="sun.lwawt.macosx.LWCToolkit"/>
    <property name="java.vm.info" value="mixed mode"/>
    <property name="java.version" value="1.8.0_322"/>
    <property name="java.ext.dirs" value="/Users/Stanislav/Library/Java/Extensions:/Users/Stanislav/Library/Java/JavaVirtualMachines/corretto-1.8.0_322/Contents/Home/jre/lib/ext:/Library/Java/Extensions:/Network/Library/Java/Extensions:/System/Library/Java/Extensions:/usr/lib/java"/>
    <property name="sun.boot.class.path" value="/Users/Stanislav/Library/Java/JavaVirtualMachines/corretto-1.8.0_322/Contents/Home/jre/lib/resources.jar:/Users/Stanislav/Library/Java/JavaVirtualMachines/corretto-1.8.0_322/Contents/Home/jre/lib/rt.jar:/Users/Stanislav/Library/Java/JavaVirtualMachines/corretto-1.8.0_322/Contents/Home/jre/lib/sunrsasign.jar:/Users/Stanislav/Library/Java/JavaVirtualMachines/corretto-1.8.0_322/Contents/Home/jre/lib/jsse.jar:/Users/Stanislav/Library/Java/JavaVirtualMachines/corretto-1.8.0_322/Contents/Home/jre/lib/jce.jar:/Users/Stanislav/Library/Java/JavaVirtualMachines/corretto-1.8.0_322/Contents/Home/jre/lib/charsets.jar:/Users/Stanislav/Library/Java/JavaVirtualMachines/corretto-1.8.0_322/Contents/Home/jre/lib/jfr.jar:/Users/Stanislav/Library/Java/JavaVirtualMachines/corretto-1.8.0_322/Contents/Home/jre/classes"/>
    <property name="java.vendor" value="Amazon.com Inc."/>
    <property name="maven.home" value="/Applications/apache-maven-3.8.4"/>
    <property name="file.separator" value="/"/>
    <property name="java.vendor.url.bug" value="https://github.com/corretto/corretto-8/issues/"/>
    <property name="sun.cpu.endian" value="little"/>
    <property name="sun.io.unicode.encoding" value="UnicodeBig"/>
    <property name="socksNonProxyHosts" value="local|*.local|169.254/16|*.169.254/16"/>
    <property name="ftp.nonProxyHosts" value="local|*.local|169.254/16|*.169.254/16"/>
    <property name="sun.cpu.isalist" value=""/>
  </properties>
  <testcase classname="ServiceImplTest" name="testMain" time="0.011"/>
</testsuite>